Case #1: 1 0
Case #2: 1 0
Case #3: 1 1
Case #4: 0 0
Case #5: 500 499
Case #6: 250000 249999
Case #7: 1 0
Case #8: 0 0
Case #9: 0 0
Case #10: 0 0
Case #11: 0 0
Case #12: 1953 1952
Case #13: 0 0
Case #14: 0 0
Case #15: 0 0
Case #16: 3 2
Case #17: 1 0
Case #18: 0 0
Case #19: 0 0
Case #20: 1 0
Case #21: 0 0
Case #22: 500000 499999
Case #23: 1 0
Case #24: 1 1
Case #25: 0 0
Case #26: 1 0
Case #27: 1 1
Case #28: 1 0
Case #29: 0 0
Case #30: 0 0
Case #31: 0 0
Case #32: 1 0
Case #33: 0 0
Case #34: 0 0
Case #35: 3 2
Case #36: 7812 7811
Case #37: 0 0
Case #38: 0 0
Case #39: 0 0
Case #40: 0 0
Case #41: 1 1
Case #42: 2 2
Case #43: 3906 3905
Case #44: 1 0
Case #45: 0 0
Case #46: 0 0
Case #47: 1 1
Case #48: 250000 249999
Case #49: 1 0
Case #50: 0 0
Case #51: 0 0
Case #52: 0 0
Case #53: 1 0
Case #54: 249999 249999
Case #55: 0 0
Case #56: 0 0
Case #57: 0 0
Case #58: 125000 124999
Case #59: 0 0
Case #60: 0 0
Case #61: 1 0
Case #62: 499999 499999
Case #63: 1 0
Case #64: 0 0
Case #65: 0 0
Case #66: 0 0
Case #67: 3906 3905
Case #68: 0 0
Case #69: 1 0
Case #70: 0 0
Case #71: 0 0
Case #72: 1 1
Case #73: 0 0
Case #74: 1 1
Case #75: 0 0
Case #76: 0 0
Case #77: 1 0
Case #78: 2 1
Case #79: 7812 7811
Case #80: 0 0
Case #81: 1 0
Case #82: 1 0
Case #83: 1 1
Case #84: 0 0
Case #85: 0 0
Case #86: 0 0
Case #87: 1 1
Case #88: 0 0
Case #89: 0 0
Case #90: 0 0
Case #91: 1 1
Case #92: 1 0
Case #93: 0 0
Case #94: 0 0
Case #95: 1 0
Case #96: 1 0
Case #97: 0 0
Case #98: 3 2
Case #99: 1 1
Case #100: 3905 3905
