Case #1: 1 0
Case #2: 1 0
Case #3: 1 1
Case #4: 0 0
Case #5: 500 499
Case #6: 7 6
Case #7: 0 0
Case #8: 0 0
Case #9: 1 1
Case #10: 1 0
Case #11: 1 0
Case #12: 0 0
Case #13: 2 2
Case #14: 0 0
Case #15: 0 0
Case #16: 0 0
Case #17: 0 0
Case #18: 0 0
Case #19: 7 6
Case #20: 0 0
Case #21: 3 2
Case #22: 0 0
Case #23: 0 0
Case #24: 499 499
Case #25: 0 0
Case #26: 1 1
Case #27: 1 1
Case #28: 1 1
Case #29: 125 124
Case #30: 1 0
Case #31: 0 0
Case #32: 0 0
Case #33: 0 0
Case #34: 0 0
Case #35: 0 0
Case #36: 0 0
Case #37: 0 0
Case #38: 3 2
Case #39: 1 0
Case #40: 3 3
Case #41: 1 0
Case #42: 1 1
Case #43: 1 0
Case #44: 1 0
Case #45: 1 1
Case #46: 0 0
Case #47: 0 0
Case #48: 0 0
Case #49: 0 0
Case #50: 1 1
Case #51: 0 0
Case #52: 1 0
Case #53: 0 0
Case #54: 249 249
Case #55: 2 1
Case #56: 0 0
Case #57: 0 0
Case #58: 3 3
Case #59: 0 0
Case #60: 0 0
Case #61: 1 0
Case #62: 0 0
Case #63: 0 0
Case #64: 250 249
Case #65: 3 2
Case #66: 0 0
Case #67: 1 1
Case #68: 0 0
Case #69: 0 0
Case #70: 0 0
Case #71: 1 1
Case #72: 1 0
Case #73: 3 3
Case #74: 1 0
Case #75: 0 0
Case #76: 0 0
Case #77: 1 1
Case #78: 1 0
Case #79: 3 3
Case #80: 1 0
Case #81: 0 0
Case #82: 1 0
Case #83: 0 0
Case #84: 0 0
Case #85: 1 0
Case #86: 1 0
Case #87: 0 0
Case #88: 0 0
Case #89: 0 0
Case #90: 1 0
Case #91: 250 249
Case #92: 1 0
Case #93: 3 2
Case #94: 1 0
Case #95: 0 0
Case #96: 0 0
Case #97: 0 0
Case #98: 0 0
Case #99: 0 0
Case #100: 0 0
