Case #1: 19 20
Case #2: 023 023
Case #3: 0 0
Case #4: 05 00
Case #5: 099999999999999999 099999999999999999
Case #6: 497923979130949329 500000154297053000
Case #7: 999999999999999999 999999999999999999
Case #8: 854963 890006
Case #9: 5994 7007
Case #10: 05090505000905050 05059999959099999
Case #11: 500109703000900291 099569598492998680
Case #12: 999999999999999999 999999999999999999
Case #13: 099999999999999995 099999999999999999
Case #14: 909090909090909095 909090909090909095
Case #15: 000000000000000009 000000000000000009
Case #16: 0067984999 0069101200
Case #17: 950590505945999959 950590505950090050
Case #18: 999999999999999999 999999999999999999
Case #19: 000000000000000009 000000000000000005
Case #20: 009999090999909999 010000000000090900
Case #21: 306305077800073000 091292959579926979
Case #22: 090 049
Case #23: 00959191999199969 05000500060106060
Case #24: 070 029
Case #25: 100000000000000000 099999999999999999
Case #26: 93 88
Case #27: 018408003000 015699999939
Case #28: 082839293999999179 082841308000406000
Case #29: 500550550009509999 500550550050000505
Case #30: 099999999999999999 100000000000000000
Case #31: 099999999999999999 099999999999999999
Case #32: 772207024099296999 772207024400020092
Case #33: 105308731004987000 105308716872199945
Case #34: 777000 752983
Case #35: 000000000000000005 000000000000000005
Case #36: 090119000010900001 090099011909991991
Case #37: 0 0
Case #38: 9 9
Case #39: 12020409000506060 07979999919393999
Case #40: 900090909000010100 119999999990919990
Case #41: 09949991919691999 14000901010000090
Case #42: 909090909090909090 909090909090909090
Case #43: 9 9
Case #44: 49593769974 90100006000
Case #45: 36304022999 36304024007
Case #46: 299969629 550600403
Case #47: 099999999999999999 099999999999999999
Case #48: 909090909090909090 909090909090909090
Case #49: 0015789299879541 0019900009301000
Case #50: 050066660005054404 050066555456494594
Case #51: 04949695959596959 05060506050504050
Case #52: 00050595909090959 00051000000000000
Case #53: 091000090199000011 091000090199000011
Case #54: 550005000000005050 550005000000005050
Case #55: 439799999550929999 440100531948280700
Case #56: 594999995999994988 600287988350000021
Case #57: 000000000000000000 000000000000000000
Case #58: 000989 001020
Case #59: 999999999999999999 999999999999999999
Case #60: 999999999999999999 999999999999999999
Case #61: 12900000360 12900000344
Case #62: 10090000000909090 09909090909990999
Case #63: 01000901010901010 01000901009990999
Case #64: 050 009
Case #65: 00500 00099
Case #66: 987654321000000000 987654320123456789
Case #67: 029 070
Case #68: 000000000000000010 000000000000000009
Case #69: 909090909090909090 909090909090909090
Case #70: 05050506060506050 04959695959494969
Case #71: 000000000000000000 000000000000000000
Case #72: 9815000900000 9809999999187
Case #73: 111900000010100009 109999919991999991
Case #74: 910000000909900090 909990090990990909
Case #75: 05050500050005000 05009595909095959
Case #76: 5 5
Case #77: 990008999099090000 990009009099900090
Case #78: 900000000000000000 900000000000000000
Case #79: 000000000000000009 000000000000000010
Case #80: 02949695969097959 07020809010505080
Case #81: 012345678999999999 012345679876543210
Case #82: 100099021059000807 099990679191999990
Case #83: 006656464560006040 006656464554999465
Case #84: 909959050000090050 909500995500999999
Case #85: 999999999999999999 999999999999999999
Case #86: 0783050846 0748929159
Case #87: 099999999999999999 999999999999999999
Case #88: 900000000000000005 900000000000000005
Case #89: 909090909090909095 909090909090909095
Case #90: 497397997809939999 500760401600727100
Case #91: 05030205060208010 03919691919398969
Case #92: 6010086806540014 6010086599969986
Case #93: 900000000000000005 900000000000000005
Case #94: 019 060
Case #95: 099999999999999999 909090909090909090
Case #96: 099999999999999999 099999999999999995
Case #97: 000404440106000600 000401969999995469
Case #98: 000000000000000009 000000000000000009
Case #99: 909090909090909099 909090909090909099
Case #100: 999999999999999999 099999999999999999
Case #101: 09009190919991999 09010101000900010
Case #102: 559641707600000804 269999039999848139
Case #103: 555599999995999009 900050099000095550
Case #104: 060546640545006600 060546640544599596
Case #105: 500550090990500950 500550505005005005
Case #106: 0500000300080303 0249590999160973
Case #107: 76027131903000 75983904799999
Case #108: 007967129997994939 009940008212600008
Case #109: 00099 00500
Case #110: 05959694969695949 06060504050405040
Case #111: 610060056050000060 604954190999955950
Case #112: 88 93
Case #113: 0 0
Case #114: 900000000000000000 099999999999999999
Case #115: 10090000000009000 09999099999099999
Case #116: 987654321000000000 987654319876543210
Case #117: 009059005099509999 009099059099900050
Case #118: 900000000000000009 900000000000000009
Case #119: 012345678999999999 012345680123456789
Case #120: 10090000000000000 09909090999090999
Case #121: 999999999999999999 999999999999999999
Case #122: 000000000000000000 000000000000000000
Case #123: 06999194929491999 08070604050508010
Case #124: 450299992221599 450509400085300
Case #125: 000000000000000005 000000000000000009
Case #126: 09040900090105050 04969191959494959
Case #127: 404505540555604605 404505540555459649
Case #128: 01090109010109000 00909190909190909
Case #129: 06999199969095909 11010404010109090
Case #130: 999999999999999990 999999999999999999
Case #131: 099999999999999999 900000000000000000
Case #132: 24699399892919 24900205780104
Case #133: 900000000000000000 900000000000000000
Case #134: 099990900099999990 100900090090000000
Case #135: 04949496949696959 05040606060405060
Case #136: 060 019
Case #137: 05000095909590959 05000500050005000
Case #138: 10 05
Case #139: 219791039999934 259006009090900
Case #140: 0599 0700
Case #141: 999999999999999999 999999999999999999
Case #142: 009 050
Case #143: 000000000000000005 000000000000000005
Case #144: 029999989999999995 300008093970050060
Case #145: 308919999929999099 310065000080601909
Case #146: 045312799719391399 045321052707051000
Case #147: 999999999999999999 999999999999999999
Case #148: 098003908092092002 093998992998993998
Case #149: 009559995900000000 010000055500000000
Case #150: 009010910000000000 009010909910901919
Case #151: 099999999999999999 099999999999999999
Case #152: 990000909000908093 909999990999993998
Case #153: 83590 78639
Case #154: 10000000050005000 05909595959095959
Case #155: 500055050460005444 499496549949995499
Case #156: 999999999999999999 999999999999999999
Case #157: 00090110090900090 00090109919999919
Case #158: 10090009090909000 09909990999990909
Case #159: 05 10
Case #160: 999999999999999995 999999999999999999
Case #161: 000000000000000005 000000000000000000
Case #162: 005708000000970630 005289929590933999
Case #163: 909090909090909090 099999999999999999
Case #164: 60254707789995 60254707810005
Case #165: 009989999009999999 009990000000009090
Case #166: 039 080
Case #167: 05050496969496959 05050505060605050
Case #168: 06040000000004000 05959094909494909
Case #169: 00059095909090959 00100000050005050
Case #170: 60069999994945919 60080001730548002
Case #171: 999999999999999999 999999999999999999
Case #172: 001419599699949069 006050001055100000
Case #173: 080 039
Case #174: 000000000000000000 000000000000000005
Case #175: 049 090
Case #176: 909090909090909099 909090909090909099
Case #177: 09959099999999909 10050509050005090
Case #178: 999999999999999999 999999999999999995
Case #179: 05000005050009050 00999099909990999
Case #180: 500101900060563 079392939093999
Case #181: 5 5
Case #182: 909090909090909090 909090909090909090
Case #183: 055595099099990059 100505000550005550
Case #184: 994090559400001001 946499699494496450
Case #185: 499166599606499999 995100010110000060
Case #186: 999999999999999999 999999999999999999
Case #187: 602043300000000500 602041969559979919
Case #188: 608572599989989951 608610000930900200
Case #189: 900050000900990005 859509990999959059
Case #190: 11090909010900010 09919999919091909
Case #191: 00 00
Case #192: 7727329 7727330
Case #193: 999999999999999999 999999999999999990
Case #194: 900000000000000009 900000000000000009
Case #195: 00 05
Case #196: 0021563 0017196
Case #197: 09999999999990959 10050900000505090
Case #198: 01030601070301070 00999194919798929
Case #199: 09000999999099999 09001000090000090
Case #200: 05090505090005000 05059990999090959
