Case #1: 19 20
Case #2: 023 023
Case #3: 0 0
Case #4: 05 00
Case #5: 99 90
Case #6: 060 019
Case #7: 019 050
Case #8: 460 460
Case #9: 90 90
Case #10: 204 205
Case #11: 99 99
Case #12: 206 206
Case #13: 09 90
Case #14: 003 003
Case #15: 439 440
Case #16: 095 095
Case #17: 99 99
Case #18: 807 810
Case #19: 099 909
Case #20: 040 009
Case #21: 070 039
Case #22: 409 159
Case #23: 99 99
Case #24: 092 120
Case #25: 09 99
Case #26: 029 300
Case #27: 099 130
Case #28: 009 050
Case #29: 09 09
Case #30: 021 021
Case #31: 90 90
Case #32: 09 05
Case #33: 050 019
Case #34: 200 200
Case #35: 0 0
Case #36: 969 979
Case #37: 10 09
Case #38: 019 060
Case #39: 101 101
Case #40: 90 90
Case #41: 979 992
Case #42: 310 305
Case #43: 0 0
Case #44: 090 049
Case #45: 778 778
Case #46: 88 93
Case #47: 009 040
Case #48: 110 099
Case #49: 069 100
Case #50: 219 263
Case #51: 90 99
Case #52: 306 305
Case #53: 092 089
Case #54: 504 504
Case #55: 00 05
Case #56: 129 205
Case #57: 039 080
Case #58: 404 404
Case #59: 686 686
Case #60: 99 09
Case #61: 599 601
Case #62: 490 049
Case #63: 9 9
Case #64: 95 99
Case #65: 029 070
Case #66: 05 05
Case #67: 387 099
Case #68: 988 993
Case #69: 029 060
Case #70: 772 772
Case #71: 060 029
Case #72: 030 030
Case #73: 320 320
Case #74: 09 09
Case #75: 090 059
Case #76: 765 765
Case #77: 992 988
Case #78: 00 00
Case #79: 399 509
Case #80: 130 099
Case #81: 104 097
Case #82: 583 583
Case #83: 099 099
Case #84: 00 00
Case #85: 90 90
Case #86: 99 99
Case #87: 010 009
Case #88: 09 09
Case #89: 99 99
Case #90: 080 039
Case #91: 308 310
Case #92: 050 009
Case #93: 092 093
Case #94: 909 910
Case #95: 5 5
Case #96: 05 05
Case #97: 110 065
Case #98: 721 679
Case #99: 560 299
Case #100: 600 359
Case #101: 093 209
Case #102: 074 074
Case #103: 894 894
Case #104: 076 120
Case #105: 940 936
Case #106: 490 490
Case #107: 026 022
Case #108: 609 640
Case #109: 99 99
Case #110: 300 300
Case #111: 079 110
Case #112: 397 401
Case #113: 730 727
Case #114: 5 5
Case #115: 05 05
Case #116: 102 098
Case #117: 988 992
Case #118: 089 120
Case #119: 500 469
Case #120: 00 00
Case #121: 959 919
Case #122: 094 039
Case #123: 00 00
Case #124: 905 927
Case #125: 909 990
Case #126: 199 199
Case #127: 110 079
Case #128: 007 007
Case #129: 910 909
Case #130: 900 900
Case #131: 95 95
Case #132: 159 161
Case #133: 049 090
Case #134: 95 95
Case #135: 120 089
Case #136: 350 350
Case #137: 402 402
Case #138: 645 645
Case #139: 012 009
Case #140: 599 680
Case #141: 90 09
Case #142: 09 09
Case #143: 070 029
Case #144: 705 706
Case #145: 026 026
Case #146: 800 699
Case #147: 098 093
Case #148: 165 165
Case #149: 099 100
Case #150: 05 10
Case #151: 00 00
Case #152: 709 720
Case #153: 801 804
Case #154: 09 10
Case #155: 075 073
Case #156: 990 909
Case #157: 074 071
Case #158: 819 819
Case #159: 570 526
Case #160: 05 05
Case #161: 059 090
Case #162: 104 300
Case #163: 100 069
Case #164: 282 406
Case #165: 100 099
Case #166: 489 500
Case #167: 99 99
Case #168: 504 507
Case #169: 00 00
Case #170: 05 09
Case #171: 039 070
Case #172: 497 500
Case #173: 640 640
Case #174: 047 047
Case #175: 99 99
Case #176: 10 05
Case #177: 209 209
Case #178: 397 760
Case #179: 159 400
Case #180: 706 710
Case #181: 049 080
Case #182: 800 800
Case #183: 99 95
Case #184: 180 139
Case #185: 179 500
Case #186: 00 00
Case #187: 93 88
Case #188: 080 049
Case #189: 240 240
Case #190: 013 009
Case #191: 089 104
Case #192: 088 090
Case #193: 093 098
Case #194: 004 004
Case #195: 042 042
Case #196: 611 660
Case #197: 993 988
Case #198: 9 9
Case #199: 709 650
Case #200: 000 000
