Case #1:
1100001111111111 3 2 3 2 7 2 3 2 3
1100011011111111 3 2 3 2 7 2 3 2 3
1100011110111111 3 2 3 2 7 2 3 2 3
1100011111101111 3 2 3 2 7 2 3 2 3
1100011111111011 3 2 3 2 7 2 3 2 3
1100110011111111 3 2 3 2 7 2 3 2 3
1100110110111111 3 2 3 2 7 2 3 2 3
1100110111101111 3 2 3 2 7 2 3 2 3
1100110111111011 3 2 3 2 7 2 3 2 3
1100111100111111 3 2 3 2 7 2 3 2 3
1100111101101111 3 2 3 2 7 2 3 2 3
1100111101111011 3 2 3 2 7 2 3 2 3
1100111111001111 3 2 3 2 7 2 3 2 3
1100111111011011 3 2 3 2 7 2 3 2 3
1100111111110011 3 2 3 2 7 2 3 2 3
1101100011111111 3 2 3 2 7 2 3 2 3
1101100110111111 3 2 3 2 7 2 3 2 3
1101100111101111 3 2 3 2 7 2 3 2 3
1101100111111011 3 2 3 2 7 2 3 2 3
1101101100111111 3 2 3 2 7 2 3 2 3
1101101101101111 3 2 3 2 7 2 3 2 3
1101101101111011 3 2 3 2 7 2 3 2 3
1101101111001111 3 2 3 2 7 2 3 2 3
1101101111011011 3 2 3 2 7 2 3 2 3
1101101111110011 3 2 3 2 7 2 3 2 3
1101111000111111 3 2 3 2 7 2 3 2 3
1101111001101111 3 2 3 2 7 2 3 2 3
1101111001111011 3 2 3 2 7 2 3 2 3
1101111011001111 3 2 3 2 7 2 3 2 3
1101111011011011 3 2 3 2 7 2 3 2 3
1101111011110011 3 2 3 2 7 2 3 2 3
1101111110001111 3 2 3 2 7 2 3 2 3
1101111110011011 3 2 3 2 7 2 3 2 3
1101111110110011 3 2 3 2 7 2 3 2 3
1101111111100011 3 2 3 2 7 2 3 2 3
1111000011111111 3 2 3 2 7 2 3 2 3
1111000110111111 3 2 3 2 7 2 3 2 3
1111000111101111 3 2 3 2 7 2 3 2 3
1111000111111011 3 2 3 2 7 2 3 2 3
1111001100111111 3 2 3 2 7 2 3 2 3
1111001101101111 3 2 3 2 7 2 3 2 3
1111001101111011 3 2 3 2 7 2 3 2 3
1111001111001111 3 2 3 2 7 2 3 2 3
1111001111011011 3 2 3 2 7 2 3 2 3
1111001111110011 3 2 3 2 7 2 3 2 3
1111011000111111 3 2 3 2 7 2 3 2 3
1111011001101111 3 2 3 2 7 2 3 2 3
1111011001111011 3 2 3 2 7 2 3 2 3
1111011011001111 3 2 3 2 7 2 3 2 3
1111011011011011 3 2 3 2 7 2 3 2 3
