Case #1: 3 
Case #2: 1 
Case #3: IMPOSSIBLE
Case #4: 1 2 
Case #5: 2 7 
Case #6: 2 12 
Case #7: 8767174966 5900308751495 11791850328024 17683391904553 23574933481082 29466475057611 35358016634140 41249558210669 47141099787198 53032641363727 58924182940256 64815724516785 70707266093314 76598807669746 
Case #8: 1 
Case #9: 3265338 806538276 1609811214 2413084152 3216357090 4019630028 4822902966 
Case #10: 1 2 3 4 5 6 7 8 9 10 11 12 13 14 15 16 17 18 19 20 21 22 23 24 25 26 27 28 29 30 31 32 33 34 35 36 37 38 39 40 41 42 43 44 45 46 47 48 49 50 51 52 53 54 55 56 57 58 59 60 61 62 63 64 65 66 67 68 69 70 71 72 73 74 75 76 77 78 79 80 81 82 83 84 85 86 87 88 89 90 91 92 93 94 95 96 97 98 99 100 
Case #11: IMPOSSIBLE
Case #12: 1 
Case #13: 623749 57384866 
Case #14: IMPOSSIBLE
Case #15: IMPOSSIBLE
Case #16: 16 
Case #17: 1 
Case #18: 1 
Case #19: IMPOSSIBLE
Case #20: 30399297484750849 
Case #21: 1 
Case #22: 2 54 106 158 210 262 314 366 418 470 522 574 601 
Case #23: 3 
Case #24: 2 
Case #25: IMPOSSIBLE
Case #26: 90383248 52151133556 104211883864 156272634172 208333384480 260394134788 312454885096 364515635404 416576385712 468637136020 520697886328 572758636636 624819386944 676880137252 728940887560 781001637868 824384664673 
Case #27: IMPOSSIBLE
Case #28: 4398046511105 
Case #29: 3139 680963 1358787 2036611 2714435 3392259 4070083 4747907 5425731 6103555 6781379 7459203 8137027 8814796 
Case #30: 63 11046 22029 33012 43995 54978 65961 76944 87927 98910 109893 120876 131859 142842 153825 164808 175791 186774 197757 208740 
Case #31: 318543573510580 103526661390938320 206734386895454209 
Case #32: 2 7 
Case #33: 5 
Case #34: 12709329141646 
Case #35: 30224379232245 22607835665718594 45185446952204943 67763058238691292 90340669525177641 112918280811663990 135495892098150339 158073503384636688 180651114671123037 203228370376077313 
Case #36: 83 19526 38969 58412 77855 97298 116741 136184 155627 175070 194513 213956 233399 252842 272285 291728 311171 330614 350057 369500 388943 408386 427829 447272 466715 486158 505521 
Case #37: 1 
Case #38: 1 
Case #39: 795897 362928602 725061307 1087194012 1449326717 1811459422 2173592127 2535724832 2897857537 3259990242 3622122947 3984255652 4346388357 4708521062 5070653767 5432786472 5794919177 6157051882 6518397249 
Case #40: 103 30406 60709 91012 121315 151618 181921 212224 242527 272830 303133 333436 363739 394042 424345 454648 484951 515254 545557 575860 606163 636466 666769 697072 727375 757678 787981 818284 848587 878890 909193 939496 969799 990001 
Case #41: 144115188075855873 
Case #42: 1 
Case #43: 1 
Case #44: 1 
Case #45: IMPOSSIBLE
Case #46: 10204 4050608 8091012 12131416 16171820 20212224 24252628 28293032 32333436 36373840 40414244 44454648 48495052 52535456 56575860 60616264 64656668 68697072 72737476 76777880 80818284 84858688 88899092 92939496 96979900 
Case #47: 1 2 3 4 
Case #48: IMPOSSIBLE
Case #49: 1 
Case #50: 12345678900000001 
Case #51: IMPOSSIBLE
Case #52: IMPOSSIBLE
Case #53: IMPOSSIBLE
Case #54: IMPOSSIBLE
Case #55: 23452286765157 16909098757677558 33794745228589959 50680391699502360 67566038170414761 84451684641327162 101337331112239563 118222977583151964 135108624054064365 
Case #56: 1235 56790 
Case #57: IMPOSSIBLE
Case #58: IMPOSSIBLE
Case #59: 2 204 406 608 810 1012 1214 1416 1618 1820 2022 2224 2426 2628 2830 3032 3234 3436 3638 3840 4042 4244 4446 4648 4850 5052 5254 5456 5658 5860 6062 6264 6466 6668 6870 7072 7274 7476 7678 7880 8082 8284 8486 8688 8890 9092 9294 9496 9698 9900 
Case #60: 920521275489999 
Case #61: IMPOSSIBLE
Case #62: 102030405060709 91011121314151618 181920212223242527 272829303132333436 363738394041424345 454647484950515254 545556575859606163 636465666768697072 727374757677787981 818283848586878890 909192939495969799 990000000000000001 
Case #63: 15561874701156 4808619282657017 9601676689879436 
Case #64: IMPOSSIBLE
Case #65: 161799557 28638521477 57115243374 
Case #66: 384460126 
Case #67: IMPOSSIBLE
Case #68: IMPOSSIBLE
Case #69: 1 
Case #70: 1 2 3 4 5 6 7 8 9 10 11 12 13 14 15 16 17 18 19 20 21 22 23 24 25 26 27 28 29 30 31 32 33 34 35 36 37 38 39 40 41 42 43 44 45 46 47 48 49 50 51 52 53 54 55 56 57 58 59 60 61 62 63 64 65 66 67 68 69 70 71 72 73 74 75 76 77 78 79 80 81 
Case #71: 83385908498332846 
Case #72: 37490943828267 12821902789267094 25606314634705889 
Case #73: 964 112688 224412 336136 447860 559584 671308 782101 
Case #74: 1 
Case #75: 82906087077 26198323516098 52313740945119 78429158374140 
Case #76: 1 2 3 4 5 6 7 8 9 10 11 12 13 14 15 16 17 18 19 20 21 22 23 24 25 26 27 28 
Case #77: IMPOSSIBLE
Case #78: 6 
Case #79: 2710246493 783261236253 1563812226013 2344363215773 3124914153435 
Case #80: 28 
Case #81: 29192560 12640378084 25251563608 37862749132 50473934656 63085120180 75696305704 88307491228 100918676752 113529862276 126141047800 138752233324 149261154697 
Case #82: IMPOSSIBLE
Case #83: IMPOSSIBLE
Case #84: 1 2 3 
Case #85: IMPOSSIBLE
Case #86: IMPOSSIBLE
Case #87: 12345678901 
Case #88: 23025033437 9601438942877 19179852852317 28758266761757 38336680671197 47915094580637 57493508338283 
Case #89: 268822560488 170164680788336 340060539016184 509956397244032 679852255471880 849748113699728 1019643971927576 1189539830155424 1359435688383272 1529331546611120 
Case #90: 7 49 
Case #91: IMPOSSIBLE
Case #92: 5744367763457 
Case #93: 22876 
Case #94: 1 
Case #95: 18412816 7088933812 14159454808 21229975804 28300496800 35371017796 42441538792 49512059788 56582580784 63653101780 70723622711 
Case #96: 780142688 181773246136 362766349584 543759452101 
Case #97: 27801941592437 20545634836810286 41063467732028135 61581300627245984 82099133522463833 102616966417681682 123134799312899531 143652632208117380 164170465103335229 184660826984411736 
Case #98: 9265100944259206 
Case #99: IMPOSSIBLE
Case #100: IMPOSSIBLE
