Case #1: 3 
Case #2: 1 
Case #3: 1 2 
Case #4: 2 7 
Case #5: 268822560488 170164680788336 340060539016184 509956397244032 679852255471880 849748113699728 1019643971927576 1189539830155424 1359435688383272 1529331546611120 
Case #6: 5261369977405441 
Case #7: 1 2 3 4 5 6 7 8 9 10 11 12 13 14 15 16 17 18 19 20 21 22 23 24 25 26 27 28 29 30 31 32 33 34 35 36 37 38 39 40 41 42 43 44 45 46 47 48 49 50 51 52 53 54 55 56 57 58 59 60 61 62 63 64 65 66 67 68 69 70 71 72 73 74 75 76 77 78 79 80 81 
Case #8: 226925207756233 56277451456000001 
Case #9: 1 
Case #10: 2 12 
Case #11: 884241366757 
Case #12: 28365650970 5417839335180 
Case #13: 66 12165 24264 36363 48462 60561 72660 84759 96858 108957 121056 133155 145254 157353 169452 181551 193650 205749 217848 229947 242046 
Case #14: 12486472279055 8216098759617614 16419711046956173 24623323334294732 32826935621633291 41030547908971850 49234160196310409 57437772483648968 65629064754602625 
Case #15: 83192836 47003951812 93924710788 140845469764 187766228740 234686987716 281607746692 328528505668 375449264644 422370023620 469290782596 516211541572 563132300548 610053059524 656973818500 703894577381 
Case #16: 54 8013 15972 23931 31890 39849 47808 55767 63726 71685 79644 87603 95562 103521 111480 119439 127398 
Case #17: 41772481677906 
Case #18: 1 2 3 4 
Case #19: 97 26890 53683 80476 107269 134062 160855 187648 214441 241234 268027 294820 321613 348406 375199 401992 428785 455578 482371 509164 535957 562750 589543 616336 643129 669922 696715 723508 750301 777094 803887 821749 
Case #20: 122603 29547108 58971613 88396118 117820623 147245128 176669633 206094138 235518643 264943099 
Case #21: 16265220 6066926724 12117588228 18168249732 24218911236 30269572740 36320234244 42370895748 48421557252 54472218756 60522626116 
Case #22: 1 2 3 4 5 6 7 8 9 10 11 12 13 14 15 16 17 18 19 20 21 22 23 24 25 26 27 28 29 30 31 32 33 34 35 36 37 
Case #23: 1 2 3 4 5 6 7 8 9 10 11 12 13 14 15 16 17 18 19 20 21 22 23 24 25 26 27 28 29 30 31 32 33 34 35 36 37 38 39 40 41 42 43 44 45 46 47 48 49 50 51 52 53 54 55 56 
Case #24: 676616509441 
Case #25: 10204 4050608 8091012 12131416 16171820 20212224 24252628 28293032 32333436 36373840 40414244 44454648 48495052 52535456 56575860 60616264 64656668 68697072 72737476 76777880 80818284 84858688 88899092 92939496 96979900 
Case #26: 108387 25037192 49965997 74894802 99823607 124752412 149681217 174610022 199538827 224361504 
Case #27: 704785453280 525065162692920 1049425539932560 1573785917172200 2098146294411840 2622506671651480 3146867048891120 3671227426130760 4195587803370400 4719948180610040 5244308557849680 5768668935080389 
Case #28: 1 
Case #29: 7 49 
Case #30: 518246912 112459579752 224400912592 336341607169 
Case #31: 1418282549 243944598338 485120000001 
Case #32: 1 
Case #33: 7874976174 1267871158716 
Case #34: 6 
Case #35: 140737488355329 
Case #36: 42003526 19951674412 39861345298 59771016184 79680687070 99590357956 119500028842 139409699728 159319370614 179229041500 199138712386 219048383272 238958054158 258826240001 
Case #37: 323889 108826394 217328899 325831404 434333909 542836414 651338919 759841424 868343929 976846434 1085348939 1193851444 1302353949 1410851761 
Case #38: 30399297484750849 
Case #39: 1 2 3 4 5 6 7 8 
Case #40: 6925172710277 4182804317006786 8358683461303295 12534562605599804 16710441749896313 20886320894192822 25062200038489331 29238079161080577 
Case #41: 1235 56790 
Case #42: 2119 374903 747687 1120471 1493255 1866039 2238823 2611607 2984391 3357175 3729959 4009501 
Case #43: 1 
Case #44: 1 
Case #45: 721083 317997188 635273293 952549398 1269825503 1587101608 1904377713 2221653818 2538929923 2856206028 3173482133 3490758238 3808034343 4125310448 4442586553 4759862658 5077138763 5394414779 
Case #46: 102030405060709 91011121314151618 181920212223242527 272829303132333436 363738394041424345 454647484950515254 545556575859606163 636465666768697072 727374757677787981 818283848586878890 909192939495969799 990000000000000001 
Case #47: 623749 57384866 
Case #48: 2 
Case #49: 2 62 122 182 242 302 362 422 482 542 602 662 722 782 813 
Case #50: 606251 
Case #51: 83385908498332846 
Case #52: 325385257 111932528114 223539670971 335146813828 446753956685 558361099542 669968242399 765625000001 
Case #53: 1 2 3 4 5 6 7 8 9 10 11 12 13 14 15 16 17 18 19 20 21 22 23 24 25 26 27 28 29 30 31 32 33 34 35 36 37 38 39 40 41 42 43 44 45 46 47 48 49 50 51 52 53 54 55 56 57 58 59 60 61 62 63 64 65 66 67 68 
Case #54: 7747 2672387 5337027 8001667 10666307 13330947 15995587 18660227 21324867 23989507 26654147 29318787 31983427 34648067 37312707 39977347 42641987 45306627 47971267 50635907 53300547 55965100 
Case #55: 304572680614 79493469640094 158682366579106 
Case #56: 1 2 3 
Case #57: 2 204 406 608 810 1012 1214 1416 1618 1820 2022 2224 2426 2628 2830 3032 3234 3436 3638 3840 4042 4244 4446 4648 4850 5052 5254 5456 5658 5860 6062 6264 6466 6668 6870 7072 7274 7476 7678 7880 8082 8284 8486 8688 8890 9092 9294 9496 9698 9900 
Case #58: 144115188075855873 
Case #59: 1939 327539 653139 978739 1304339 1629939 1955539 2281139 2606739 2932339 3257896 
Case #60: 455402549467 184893435083278 369331467617089 553769500150900 738207532684711 902142550437121 
Case #61: 2 22 42 62 73 
Case #62: 1324984810457 307396476025914 
Case #63: 215233606 
Case #64: 1 
Case #65: 82490349246373 71354152098111862 142625813846977351 213897475595842840 285169137344708329 356440799093573818 427712460842439307 498984122591304796 570255784340170285 641527446089035774 712799107837891756 
Case #66: 1 
Case #67: 161792257795 21505924728445 
Case #68: 18923044006 3425070964987 
Case #69: 28 
Case #70: 1 
Case #71: 1 2 3 4 5 6 7 8 9 10 11 12 13 14 15 16 17 18 19 20 21 22 23 24 25 26 27 28 29 30 31 32 33 
Case #72: 1 2 3 4 5 6 7 8 9 10 11 12 13 14 15 16 17 18 19 20 21 22 23 24 25 26 27 28 29 30 31 32 33 34 35 36 37 38 39 40 41 42 43 44 45 46 47 48 49 50 51 52 53 54 55 56 57 58 59 60 61 62 63 64 65 66 67 68 69 70 71 72 73 74 75 76 77 78 79 80 81 82 83 84 85 86 87 88 89 90 91 92 93 94 95 96 97 98 99 100 
Case #73: 12345678900000001 
Case #74: 83576029 21729767330 43375958631 65022149932 86668341233 108312389521 
Case #75: 2 188 374 560 746 932 1118 1304 1490 1676 1862 2048 2234 2420 2606 2792 2978 3164 3350 3536 3722 3908 4094 4280 4466 4652 4838 5024 5210 5396 5582 5768 5954 6140 6326 6512 6698 6884 7070 7256 7442 7628 7814 8000 8186 8372 
Case #76: 631915576694412 220538536266349584 440445156201000001 
Case #77: 2 134 266 398 530 662 794 926 1058 1190 1322 1454 1586 1718 1850 1982 2114 2246 2378 2510 2642 2774 2906 3038 3170 3302 3434 3566 3698 3830 3962 4094 4161 
Case #78: 1524 226944 452364 677784 903204 1128624 1354044 1579464 1804884 2028821 
Case #79: 1 
Case #80: 3088366981419736 
Case #81: 318543573510580 103526661390938320 206734386895454209 
Case #82: 81 18570 37059 55548 74037 92526 111015 129504 147993 166482 184971 203460 221949 240438 258927 277416 295905 314394 332883 351372 369861 388350 406839 425328 443817 462306 
Case #83: 706776735205 306034326343414 611361875951623 916689425559832 1222016975168041 1527344236293499 
Case #84: 570940447 220383012206 440195083965 660007155724 879819227483 1099631299242 1319443371001 1539255442760 
Case #85: 154092184 45457194035 90760295886 136063397737 181366499588 226669601439 265497248059 
Case #86: 18307177829 7341178309093 14664049440357 21986920571621 29309791702885 36632662834149 43955181901648 
Case #87: 28895 4218550 8408205 12597860 16787515 20977170 
Case #88: 133874594952 23695801792306 
Case #89: 2 94 186 278 370 462 554 646 738 830 922 1014 1106 1198 1290 1382 1474 1566 1658 1750 1842 1934 1981 
Case #90: 1 2 3 4 5 6 7 8 9 10 11 12 13 14 15 16 17 18 19 20 21 22 23 24 25 26 
Case #91: 875715 412461320 824046925 1235632530 1647218135 2058803740 2470389345 2881974950 3293560555 3705146160 4116731765 4528317370 4939902975 5351488580 5763074185 6174659790 6586245395 6997831000 7409416605 
Case #92: 1 2 3 4 5 6 7 8 9 10 11 12 13 14 15 16 17 18 19 20 21 22 23 24 25 26 27 28 29 30 31 32 33 34 35 36 37 38 39 40 41 42 43 44 45 46 47 48 49 50 51 52 53 54 55 56 57 58 59 60 61 62 63 64 65 66 67 68 69 70 71 72 73 74 75 76 77 78 79 80 81 82 83 84 85 86 87 
Case #93: 103 30406 60709 91012 121315 151618 181921 212224 242527 272830 303133 333436 363739 394042 424345 454648 484951 515254 545557 575860 606163 636466 666769 697072 727375 757678 787981 818284 848587 878890 909193 939496 969799 990001 
Case #94: 73686780564 
Case #95: 1 2 3 4 5 6 7 8 9 10 11 12 13 14 15 16 17 18 19 20 
Case #96: 1 
Case #97: 55576742002714 28399715163386444 56743853584770174 85087992006153904 113432130427537634 141721740336889857 
Case #98: 5 
Case #99: 2131056814 1076183690615 2150236324416 3224288958217 4298341592018 5372394225819 6446446859620 7520499493421 8594552127222 9668604761023 10742628596686 
Case #100: 16 
